<?xml version="1.0" encoding="UTF-8"?>
<coverage generated="1515299821191" clover="3.2.0">
  <project timestamp="1515299821192" name="All files">
    <metrics statements="9" coveredstatements="9" conditionals="5" coveredconditionals="5" methods="2" coveredmethods="2" elements="16" coveredelements="16" complexity="0" loc="9" ncloc="9" packages="1" files="1" classes="1">
      <file name="q01.js" path="/Users/koolii/work/puzzle/problem/q01.js">
        <metrics statements="9" coveredstatements="9" conditionals="5" coveredconditionals="5" methods="2" coveredmethods="2"/>
        <line num="1" count="326" type="stmt"/>
        <line num="5" count="1" type="stmt"/>
        <line num="7" count="1" type="stmt"/>
        <line num="9" count="1" type="stmt"/>
        <line num="10" count="288" type="stmt"/>
        <line num="11" count="288" type="stmt"/>
        <line num="12" count="288" type="stmt"/>
        <line num="15" count="288" type="cond" truecount="5" falsecount="0"/>
        <line num="18" count="1" type="stmt"/>
      </file>
    </metrics>
  </project>
</coverage>
