{"/Users/koolii/work/puzzle/problem/01/javascript/q01.js": {"path":"/Users/koolii/work/puzzle/problem/01/javascript/q01.js","statementMap":{"0":{"start":{"line":1,"column":16},"end":{"line":1,"column":55}},"1":{"start":{"line":1,"column":23},"end":{"line":1,"column":55}},"2":{"start":{"line":5,"column":0},"end":{"line":21,"column":1}},"3":{"start":{"line":7,"column":18},"end":{"line":7,"column":20}},"4":{"start":{"line":9,"column":2},"end":{"line":20,"column":3}},"5":{"start":{"line":10,"column":18},"end":{"line":10,"column":32}},"6":{"start":{"line":11,"column":17},"end":{"line":11,"column":32}},"7":{"start":{"line":12,"column":17},"end":{"line":12,"column":32}},"8":{"start":{"line":15,"column":4},"end":{"line":19,"column":5}},"9":{"start":{"line":18,"column":6},"end":{"line":18,"column":16}}},"fnMap":{"0":{"name":"(anonymous_0)","decl":{"start":{"line":1,"column":16},"end":{"line":1,"column":17}},"loc":{"start":{"line":1,"column":23},"end":{"line":1,"column":55}},"line":1},"1":{"name":"(anonymous_1)","decl":{"start":{"line":5,"column":17},"end":{"line":5,"column":18}},"loc":{"start":{"line":5,"column":23},"end":{"line":21,"column":1}},"line":5}},"branchMap":{"0":{"loc":{"start":{"line":15,"column":4},"end":{"line":19,"column":5}},"type":"if","locations":[{"start":{"line":15,"column":4},"end":{"line":19,"column":5}},{"start":{"line":15,"column":4},"end":{"line":19,"column":5}}],"line":15},"1":{"loc":{"start":{"line":15,"column":8},"end":{"line":17,"column":29}},"type":"binary-expr","locations":[{"start":{"line":15,"column":8},"end":{"line":15,"column":32}},{"start":{"line":16,"column":7},"end":{"line":16,"column":29}},{"start":{"line":17,"column":7},"end":{"line":17,"column":29}}],"line":15}},"s":{"0":1,"1":326,"2":1,"3":1,"4":1,"5":288,"6":288,"7":288,"8":288,"9":1},"f":{"0":326,"1":1},"b":{"0":[1,287],"1":[288,34,4]},"_coverageSchema":"332fd63041d2c1bcb487cc26dd0d5f7d97098a6c","hash":"e213ef6050c63a7d62d47c19d1a5638f01b4e718"}
,"/Users/koolii/work/puzzle/problem/01/javascript/q02.js": {"path":"/Users/koolii/work/puzzle/problem/01/javascript/q02.js","statementMap":{"0":{"start":{"line":2,"column":12},"end":{"line":2,"column":36}},"1":{"start":{"line":3,"column":15},"end":{"line":3,"column":25}},"2":{"start":{"line":5,"column":0},"end":{"line":33,"column":1}},"3":{"start":{"line":6,"column":2},"end":{"line":30,"column":3}},"4":{"start":{"line":7,"column":17},"end":{"line":7,"column":36}},"5":{"start":{"line":9,"column":4},"end":{"line":29,"column":5}},"6":{"start":{"line":10,"column":6},"end":{"line":28,"column":7}},"7":{"start":{"line":11,"column":8},"end":{"line":27,"column":9}},"8":{"start":{"line":12,"column":25},"end":{"line":12,"column":32}},"9":{"start":{"line":13,"column":10},"end":{"line":13,"column":28}},"10":{"start":{"line":14,"column":10},"end":{"line":14,"column":29}},"11":{"start":{"line":16,"column":10},"end":{"line":16,"column":28}},"12":{"start":{"line":17,"column":10},"end":{"line":17,"column":29}},"13":{"start":{"line":19,"column":10},"end":{"line":19,"column":28}},"14":{"start":{"line":20,"column":10},"end":{"line":20,"column":29}},"15":{"start":{"line":22,"column":10},"end":{"line":26,"column":11}},"16":{"start":{"line":23,"column":12},"end":{"line":25,"column":13}},"17":{"start":{"line":24,"column":14},"end":{"line":24,"column":58}},"18":{"start":{"line":32,"column":2},"end":{"line":32,"column":11}}},"fnMap":{"0":{"name":"(anonymous_0)","decl":{"start":{"line":5,"column":17},"end":{"line":5,"column":18}},"loc":{"start":{"line":5,"column":47},"end":{"line":33,"column":1}},"line":5}},"branchMap":{"0":{"loc":{"start":{"line":5,"column":18},"end":{"line":5,"column":29}},"type":"default-arg","locations":[{"start":{"line":5,"column":25},"end":{"line":5,"column":29}}],"line":5},"1":{"loc":{"start":{"line":5,"column":31},"end":{"line":5,"column":42}},"type":"default-arg","locations":[{"start":{"line":5,"column":37},"end":{"line":5,"column":42}}],"line":5},"2":{"loc":{"start":{"line":22,"column":10},"end":{"line":26,"column":11}},"type":"if","locations":[{"start":{"line":22,"column":10},"end":{"line":26,"column":11}},{"start":{"line":22,"column":10},"end":{"line":26,"column":11}}],"line":22},"3":{"loc":{"start":{"line":23,"column":12},"end":{"line":25,"column":13}},"type":"if","locations":[{"start":{"line":23,"column":12},"end":{"line":25,"column":13}},{"start":{"line":23,"column":12},"end":{"line":25,"column":13}}],"line":23}},"s":{"0":1,"1":1,"2":1,"3":1,"4":396,"5":396,"6":1978,"7":9888,"8":49440,"9":49440,"10":49440,"11":49440,"12":49440,"13":49440,"14":49440,"15":49440,"16":49045,"17":1,"18":0},"f":{"0":1},"b":{"0":[1],"1":[1],"2":[49045,395],"3":[1,49044]},"_coverageSchema":"332fd63041d2c1bcb487cc26dd0d5f7d97098a6c","hash":"6da5db0cdf7d0da01583c0ea0e1d7f4c0e40f5e3"}
}
