TN:
SF:/Users/koolii/work/puzzle/problem/01/javascript/q01.js
FN:1,(anonymous_0)
FN:5,(anonymous_1)
FNF:2
FNH:2
FNDA:326,(anonymous_0)
FNDA:1,(anonymous_1)
DA:1,326
DA:5,1
DA:7,1
DA:9,1
DA:10,288
DA:11,288
DA:12,288
DA:15,288
DA:18,1
LF:9
LH:9
BRDA:15,0,0,1
BRDA:15,0,1,287
BRDA:15,1,0,288
BRDA:15,1,1,34
BRDA:15,1,2,4
BRF:5
BRH:5
end_of_record
TN:
SF:/Users/koolii/work/puzzle/problem/01/javascript/q02.js
FN:5,(anonymous_0)
FNF:1
FNH:1
FNDA:1,(anonymous_0)
DA:2,1
DA:3,1
DA:5,1
DA:6,1
DA:7,396
DA:9,396
DA:10,1978
DA:11,9888
DA:12,49440
DA:13,49440
DA:14,49440
DA:16,49440
DA:17,49440
DA:19,49440
DA:20,49440
DA:22,49440
DA:23,49045
DA:24,1
DA:32,0
LF:19
LH:18
BRDA:5,0,0,1
BRDA:5,1,0,1
BRDA:22,2,0,49045
BRDA:22,2,1,395
BRDA:23,3,0,1
BRDA:23,3,1,49044
BRF:6
BRH:6
end_of_record
